Using pre-set license
Built from '2021.1/staging' branch; Version is '2021.1.7f1 (d91830b65d9b) revision 14227504'; Using compiler version '192528614'; Build Type 'Release'
OS: 'Windows 10 Home; OS build 19044.1586; Version 2009; 64bit' Language: 'en' Physical Memory: 16318 MB
BatchMode: 1, IsHumanControllingUs: 0, StartBugReporterOnCrash: 0, Is64bit: 1, IsPro: 0

 COMMAND LINE ARGUMENTS:
D:\Program Files\Unity Hub\2021.1.7f1\Editor\Unity.exe
-adb2
-batchMode
-noUpm
-name
AssetImportWorker0
-projectPath
D:/UnityGames/Gunner Dungeon
-logFile
Logs/AssetImportWorker0.log
-srvPort
59013
Successfully changed project path to: D:/UnityGames/Gunner Dungeon
D:/UnityGames/Gunner Dungeon
Using Asset Import Pipeline V2.
Refreshing native plugins compatible for Editor in 75.60 ms, found 0 plugins.
Preloading 0 native plugins for Editor in 0.00 ms.
Initialize engine version: 2021.1.7f1 (d91830b65d9b)
[Subsystems] Discovering subsystems at path D:/Program Files/Unity Hub/2021.1.7f1/Editor/Data/Resources/UnitySubsystems
[Subsystems] Discovering subsystems at path D:/UnityGames/Gunner Dungeon/Assets
GfxDevice: creating device client; threaded=0; jobified=0
Direct3D:
    Version:  Direct3D 11.0 [level 11.1]
    Renderer: NVIDIA GeForce GTX 1070 (ID=0x1b81)
    Vendor:   NVIDIA
    VRAM:     8088 MB
    Driver:   30.0.14.7168
Shader 'Universal Render Pipeline/Particles/Lit': fallback shader 'Universal Render Pipeline/Particles/SimpleLit' not found
Initialize mono
Mono path[0] = 'D:/Program Files/Unity Hub/2021.1.7f1/Editor/Data/Managed'
Mono path[1] = 'D:/Program Files/Unity Hub/2021.1.7f1/Editor/Data/MonoBleedingEdge/lib/mono/unityjit'
Mono config path = 'D:/Program Files/Unity Hub/2021.1.7f1/Editor/Data/MonoBleedingEdge/etc'
Using monoOptions --debugger-agent=transport=dt_socket,embedding=1,server=y,suspend=n,address=127.0.0.1:56040
Begin MonoManager ReloadAssembly
Registering precompiled unity dll's ...
Register platform support module: D:/Program Files/Unity Hub/2021.1.7f1/Editor/Data/PlaybackEngines/WindowsStandaloneSupport/UnityEditor.WindowsStandalone.Extensions.dll
Registered in 0.001143 seconds.
Native extension for WindowsStandalone target not found
Refreshing native plugins compatible for Editor in 76.35 ms, found 0 plugins.
Preloading 0 native plugins for Editor in 0.00 ms.
Mono: successfully reloaded assembly
- Completed reload, in  1.172 seconds
Platform modules already initialized, skipping
Registering precompiled user dll's ...
Registered in 0.001383 seconds.
Begin MonoManager ReloadAssembly
Native extension for WindowsStandalone target not found
Refreshing native plugins compatible for Editor in 72.98 ms, found 0 plugins.
Preloading 0 native plugins for Editor in 0.00 ms.
Mono: successfully reloaded assembly
- Completed reload, in  1.211 seconds
Platform modules already initialized, skipping
========================================================================
Worker process is ready to serve import requests
Shader 'Universal Render Pipeline/Particles/Lit': fallback shader 'Universal Render Pipeline/Particles/SimpleLit' not found
Launched and connected shader compiler UnityShaderCompiler.exe after 0.09 seconds
Refreshing native plugins compatible for Editor in 0.71 ms, found 0 plugins.
Preloading 0 native plugins for Editor in 0.00 ms.
Unloading 2234 Unused Serialized files (Serialized files now loaded: 0)
System memory in use before: 116.0 MB.
System memory in use after: 116.1 MB.

Unloading 13 unused Assets to reduce memory usage. Loaded Objects now: 2690.
Total: 1.797000 ms (FindLiveObjects: 0.150700 ms CreateObjectMapping: 0.078300 ms MarkObjects: 1.518100 ms  DeleteObjects: 0.049000 ms)

========================================================================
Received Import Request.
  path: Assets/Scenes/MainGameScene.unity
  artifactKey: Guid(d7cefeb4693b599428a2fb9af06f27f7) Importer(815301076,1909f56bfc062723c751e8b465ee728b)
Start importing Assets/Scenes/MainGameScene.unity using Guid(d7cefeb4693b599428a2fb9af06f27f7) Importer(815301076,1909f56bfc062723c751e8b465ee728b)  -> (artifact id: '56198f868c2c79c6364361a5a9510b2c') in 0.021563 seconds 
========================================================================
Received Import Request.
  Time since last request: 31.154657 seconds.
  path: Assets/ScriptableObjectAssets/Dungeon/DungeonRoomNodeGraphs/Level1/RoomNodeGraph_Level1_1.asset
  artifactKey: Guid(633fb2910d66bf444854997bc3abb142) Importer(815301076,1909f56bfc062723c751e8b465ee728b)
Start importing Assets/ScriptableObjectAssets/Dungeon/DungeonRoomNodeGraphs/Level1/RoomNodeGraph_Level1_1.asset using Guid(633fb2910d66bf444854997bc3abb142) Importer(815301076,1909f56bfc062723c751e8b465ee728b)  -> (artifact id: '9539099c62656fcb45b63bb272df2f8c') in 0.033313 seconds 
========================================================================
Received Import Request.
  Time since last request: 3.740150 seconds.
  path: Assets/ScriptableObjectAssets/Dungeon/DungeonRoomNodeGraphs/Level1/RoomNodeGraph_Level1_1.asset
  artifactKey: Guid(633fb2910d66bf444854997bc3abb142) Importer(815301076,1909f56bfc062723c751e8b465ee728b)
Start importing Assets/ScriptableObjectAssets/Dungeon/DungeonRoomNodeGraphs/Level1/RoomNodeGraph_Level1_1.asset using Guid(633fb2910d66bf444854997bc3abb142) Importer(815301076,1909f56bfc062723c751e8b465ee728b)  -> (artifact id: '2ec200426b381441c696347e710a4307') in 0.008187 seconds 
========================================================================
Received Import Request.
  Time since last request: 1448.565032 seconds.
  path: Assets/Scenes/MainGameScene/PostProcessing Profile.asset
  artifactKey: Guid(477a9d26c7c61a9409ce185ef1c7187b) Importer(815301076,1909f56bfc062723c751e8b465ee728b)
Start importing Assets/Scenes/MainGameScene/PostProcessing Profile.asset using Guid(477a9d26c7c61a9409ce185ef1c7187b) Importer(815301076,1909f56bfc062723c751e8b465ee728b)  -> (artifact id: '3c68a4a9d1d6f63592a2a681019aa00d') in 0.008176 seconds 
========================================================================
Received Import Request.
  Time since last request: 10.952977 seconds.
  path: Assets/Scenes/MainGameScene/PostProcessing Profile.asset
  artifactKey: Guid(477a9d26c7c61a9409ce185ef1c7187b) Importer(815301076,1909f56bfc062723c751e8b465ee728b)
Start importing Assets/Scenes/MainGameScene/PostProcessing Profile.asset using Guid(477a9d26c7c61a9409ce185ef1c7187b) Importer(815301076,1909f56bfc062723c751e8b465ee728b)  -> (artifact id: 'f10e543b694368b8e8a3bed62b31642b') in 0.010636 seconds 
========================================================================
Received Prepare
Registering precompiled user dll's ...
Registered in 0.001421 seconds.
Begin MonoManager ReloadAssembly
Native extension for WindowsStandalone target not found
Refreshing native plugins compatible for Editor in 0.66 ms, found 0 plugins.
Preloading 0 native plugins for Editor in 0.00 ms.
Mono: successfully reloaded assembly
- Completed reload, in  0.756 seconds
Platform modules already initialized, skipping
Shader 'Universal Render Pipeline/Particles/Lit': fallback shader 'Universal Render Pipeline/Particles/SimpleLit' not found
Refreshing native plugins compatible for Editor in 0.65 ms, found 0 plugins.
Preloading 0 native plugins for Editor in 0.00 ms.
Unloading 2118 Unused Serialized files (Serialized files now loaded: 0)
System memory in use before: 108.4 MB.
System memory in use after: 108.6 MB.

Unloading 5 unused Assets to reduce memory usage. Loaded Objects now: 2692.
Total: 1.998700 ms (FindLiveObjects: 0.159000 ms CreateObjectMapping: 0.089800 ms MarkObjects: 1.737400 ms  DeleteObjects: 0.011400 ms)

========================================================================
Received Import Request.
  Time since last request: 680.296904 seconds.
  path: ProjectSettings/TagManager.asset
  artifactKey: Guid(00000000000000003000000000000000) Importer(815301076,1909f56bfc062723c751e8b465ee728b)
Start importing ProjectSettings/TagManager.asset using Guid(00000000000000003000000000000000) Importer(815301076,1909f56bfc062723c751e8b465ee728b)  -> (artifact id: '187c9148b1748184d867a8f7fed964f6') in 0.018323 seconds 
========================================================================
Received Import Request.
  Time since last request: 262.448556 seconds.
  path: Assets/Rendering/UniversalRenderPipelineAsset.asset
  artifactKey: Guid(dc60ef30a0249744390ddf3dea6cb2c2) Importer(815301076,1909f56bfc062723c751e8b465ee728b)
Start importing Assets/Rendering/UniversalRenderPipelineAsset.asset using Guid(dc60ef30a0249744390ddf3dea6cb2c2) Importer(815301076,1909f56bfc062723c751e8b465ee728b)  -> (artifact id: '2cacf61707ec56e55b157b7a4fd7fdf6') in 0.007407 seconds 
========================================================================
Received Import Request.
  Time since last request: 3.950813 seconds.
  path: Assets/Rendering/UniversalRenderPipelineAsset_Renderer.asset
  artifactKey: Guid(ffa869a1d7eb0cf48b284de3313bb0cd) Importer(815301076,1909f56bfc062723c751e8b465ee728b)
Start importing Assets/Rendering/UniversalRenderPipelineAsset_Renderer.asset using Guid(ffa869a1d7eb0cf48b284de3313bb0cd) Importer(815301076,1909f56bfc062723c751e8b465ee728b)  -> (artifact id: '9bc3b3db3bca971094304f9898d5ec1f') in 0.006479 seconds 
========================================================================
Received Import Request.
  Time since last request: 944.857712 seconds.
  path: Assets/CourseAssets/Materials/Enemy/Shader Graphs_EnemyMaterialise_Green.mat
  artifactKey: Guid(2203edc4d7bb7d54d902153ccd995f5c) Importer(815301076,1909f56bfc062723c751e8b465ee728b)
Start importing Assets/CourseAssets/Materials/Enemy/Shader Graphs_EnemyMaterialise_Green.mat using Guid(2203edc4d7bb7d54d902153ccd995f5c) Importer(815301076,1909f56bfc062723c751e8b465ee728b)  -> (artifact id: 'a77b19a648fc6b5edb81732cada2ed2b') in 0.444634 seconds 
========================================================================
Received Import Request.
  Time since last request: 0.000181 seconds.
  path: Packages/com.unity.render-pipelines.universal/Runtime/Materials/TerrainLit.mat
  artifactKey: Guid(594ea882c5a793440b60ff72d896021e) Importer(815301076,1909f56bfc062723c751e8b465ee728b)
Start importing Packages/com.unity.render-pipelines.universal/Runtime/Materials/TerrainLit.mat using Guid(594ea882c5a793440b60ff72d896021e) Importer(815301076,1909f56bfc062723c751e8b465ee728b)  -> (artifact id: '841c99d06dcd08a4901bae1c098753ff') in 0.013981 seconds 
========================================================================
Received Import Request.
  Time since last request: 0.000216 seconds.
  path: Packages/com.unity.render-pipelines.universal/Runtime/Materials/Sprite-Unlit-Default.mat
  artifactKey: Guid(9dfc825aed78fcd4ba02077103263b40) Importer(815301076,1909f56bfc062723c751e8b465ee728b)
Start importing Packages/com.unity.render-pipelines.universal/Runtime/Materials/Sprite-Unlit-Default.mat using Guid(9dfc825aed78fcd4ba02077103263b40) Importer(815301076,1909f56bfc062723c751e8b465ee728b)  -> (artifact id: 'e9e4c8c4d578665cb868b6f57bdb92bc') in 0.010346 seconds 
========================================================================
Received Import Request.
  Time since last request: 0.000219 seconds.
  path: Packages/com.unity.render-pipelines.universal/Runtime/Materials/SimpleLit.mat
  artifactKey: Guid(6a1143ee683302f4aa628c052723efc1) Importer(815301076,1909f56bfc062723c751e8b465ee728b)
Start importing Packages/com.unity.render-pipelines.universal/Runtime/Materials/SimpleLit.mat using Guid(6a1143ee683302f4aa628c052723efc1) Importer(815301076,1909f56bfc062723c751e8b465ee728b)  -> (artifact id: '7b6dec3f53c1cfa9d30728b7886efb8a') in 0.040345 seconds 
========================================================================
Received Import Request.
  Time since last request: 0.000160 seconds.
  path: Packages/com.unity.render-pipelines.universal/Runtime/Materials/Sprite-Lit-Default.mat
  artifactKey: Guid(a97c105638bdf8b4a8650670310a4cd3) Importer(815301076,1909f56bfc062723c751e8b465ee728b)
Start importing Packages/com.unity.render-pipelines.universal/Runtime/Materials/Sprite-Lit-Default.mat using Guid(a97c105638bdf8b4a8650670310a4cd3) Importer(815301076,1909f56bfc062723c751e8b465ee728b)  -> (artifact id: '0d2c77eb5520a9c386152116e40569d3') in 0.012689 seconds 
========================================================================
Received Import Request.
  Time since last request: 112.842597 seconds.
  path: Assets/CourseAssets/Tilemap/Tiles/Collision/Half Height Collision Tile.asset
  artifactKey: Guid(98f177f8276c38b429705e6720c48672) Importer(815301076,1909f56bfc062723c751e8b465ee728b)
Start importing Assets/CourseAssets/Tilemap/Tiles/Collision/Half Height Collision Tile.asset using Guid(98f177f8276c38b429705e6720c48672) Importer(815301076,1909f56bfc062723c751e8b465ee728b)  -> (artifact id: 'f2c3335e9ffe81826e2f9e815a8de0be') in 0.031937 seconds 
========================================================================
Received Import Request.
  Time since last request: 1.882739 seconds.
  path: Assets/CourseAssets/Tilemap/Tiles/Collision/Collision Tile.asset
  artifactKey: Guid(37e2c9e0227bfbc409cd632b9bd0c81f) Importer(815301076,1909f56bfc062723c751e8b465ee728b)
Start importing Assets/CourseAssets/Tilemap/Tiles/Collision/Collision Tile.asset using Guid(37e2c9e0227bfbc409cd632b9bd0c81f) Importer(815301076,1909f56bfc062723c751e8b465ee728b)  -> (artifact id: '7f26b421280e23f7d1f5556904d56bb5') in 0.009573 seconds 
========================================================================
Received Import Request.
  Time since last request: 5.890444 seconds.
  path: Assets/CourseAssets/Tilemap/Tiles/Collision/EnemyPreferredPathTile.asset
  artifactKey: Guid(3ce5fb260af53d24887b55c3d50041e2) Importer(815301076,1909f56bfc062723c751e8b465ee728b)
Start importing Assets/CourseAssets/Tilemap/Tiles/Collision/EnemyPreferredPathTile.asset using Guid(3ce5fb260af53d24887b55c3d50041e2) Importer(815301076,1909f56bfc062723c751e8b465ee728b)  -> (artifact id: '8d29b1ed26a1908b0aa45fa4f0ceda61') in 0.009503 seconds 
========================================================================
Received Import Request.
  Time since last request: 4.641216 seconds.
  path: Assets/CourseAssets/Textures/Sprites/Collision/Collision Tile.png
  artifactKey: Guid(abc037715b8d96d4fa8b493c9986cf2c) Importer(815301076,1909f56bfc062723c751e8b465ee728b)
Start importing Assets/CourseAssets/Textures/Sprites/Collision/Collision Tile.png using Guid(abc037715b8d96d4fa8b493c9986cf2c) Importer(815301076,1909f56bfc062723c751e8b465ee728b)  -> (artifact id: '9002ad3d82840ae8fa18746a8baa9b7b') in 0.026197 seconds 
========================================================================
Received Import Request.
  Time since last request: 144.692043 seconds.
  path: Assets/Prefabs/Dungeon
  artifactKey: Guid(e8ef92626466d89459ac42a609686c67) Importer(815301076,1909f56bfc062723c751e8b465ee728b)
Start importing Assets/Prefabs/Dungeon using Guid(e8ef92626466d89459ac42a609686c67) Importer(815301076,1909f56bfc062723c751e8b465ee728b)  -> (artifact id: '6ba074a1b0ede1db45919a74afcbabe9') in 0.004782 seconds 
========================================================================
Received Import Request.
  Time since last request: 7.832858 seconds.
  path: Assets/Prefabs/Dungeon/Rooms
  artifactKey: Guid(d71eb4323b616e8468ed361d121b9075) Importer(815301076,1909f56bfc062723c751e8b465ee728b)
Start importing Assets/Prefabs/Dungeon/Rooms using Guid(d71eb4323b616e8468ed361d121b9075) Importer(815301076,1909f56bfc062723c751e8b465ee728b)  -> (artifact id: '7e9da431a4d98eda33ce3828ab04cb6e') in 0.004809 seconds 
========================================================================
Received Import Request.
  Time since last request: 2.516240 seconds.
  path: Assets/Prefabs/Dungeon/Rooms/RoomTemplate.prefab
  artifactKey: Guid(375e8c0b6dd76b84db43b7ab546cfffb) Importer(815301076,1909f56bfc062723c751e8b465ee728b)
Start importing Assets/Prefabs/Dungeon/Rooms/RoomTemplate.prefab using Guid(375e8c0b6dd76b84db43b7ab546cfffb) Importer(815301076,1909f56bfc062723c751e8b465ee728b)  -> (artifact id: '5fc8f6fe825e95e935def9c4edabd18c') in 0.012474 seconds 
========================================================================
Received Prepare
Registering precompiled user dll's ...
Registered in 0.002135 seconds.
Begin MonoManager ReloadAssembly
Native extension for WindowsStandalone target not found
Refreshing native plugins compatible for Editor in 0.79 ms, found 0 plugins.
Preloading 0 native plugins for Editor in 0.00 ms.
Mono: successfully reloaded assembly
- Completed reload, in  0.962 seconds
Platform modules already initialized, skipping
Shader 'Universal Render Pipeline/Particles/Lit': fallback shader 'Universal Render Pipeline/Particles/SimpleLit' not found
Refreshing native plugins compatible for Editor in 0.84 ms, found 0 plugins.
Preloading 0 native plugins for Editor in 0.00 ms.
Unloading 2138 Unused Serialized files (Serialized files now loaded: 0)
System memory in use before: 117.7 MB.
System memory in use after: 117.3 MB.

Unloading 23 unused Assets to reduce memory usage. Loaded Objects now: 2796.
Total: 2.601500 ms (FindLiveObjects: 0.196000 ms CreateObjectMapping: 0.103900 ms MarkObjects: 1.850200 ms  DeleteObjects: 0.450300 ms)

AssetImportWorkerClient::OnTransportError - code=2 error=End of file
